<?xml version="1.0" encoding="UTF-8"?>
<!-- Generated by org.testng.reporters.JUnitXMLReporter -->
<testsuite hostname="DESKTOP-SFSL412" ignored="0" name="E2ETest" tests="2" failures="1" timestamp="15 May 2020 12:48:45 GMT" time="83.486" errors="0">
  <testcase name="basePageNavigation" time="36.7" classname="OneProject.E2EProject.LoginTC"/>
  <testcase name="UIValidationTCHomePage" time="41.539" classname="OneProject.E2EProject.uiValidationHomePGTC">
    <failure type="java.lang.AssertionError" message="Object could not be found/not displayed expected [true] but found [false]">
      <![CDATA[java.lang.AssertionError: Object could not be found/not displayed expected [true] but found [false]
at OneProject.E2EProject.uiValidationHomePGTC.UIValidationTCHomePage(uiValidationHomePGTC.java:33)
... Removed 28 stack frames]]>
    </failure>
  </testcase> <!-- UIValidationTCHomePage -->
</testsuite> <!-- E2ETest -->
